<?xml version="1.0" encoding="UTF-8"?>
<!-- Generated by org.testng.reporters.JUnitReportReporter -->
<testsuite hostname="Dipti" failures="0" tests="7" name="runners.TestRunner" time="351.013" errors="0" timestamp="2025-03-20T10:45:44 IST" skipped="0">
  <testcase classname="runners.TestRunner" name="runScenario" time="21.439"/>
  <testcase classname="runners.TestRunner" name="runScenario" time="13.667"/>
  <testcase classname="runners.TestRunner" name="runScenario" time="58.731"/>
  <testcase classname="runners.TestRunner" name="runScenario" time="88.262"/>
  <testcase classname="runners.TestRunner" name="runScenario" time="33.325"/>
  <testcase classname="runners.TestRunner" name="runScenario" time="28.753"/>
  <testcase classname="runners.TestRunner" name="runScenario" time="106.836"/>
</testsuite> <!-- runners.TestRunner -->
